<?xml version="1.0" encoding="UTF-8"?>
<!-- Generated by org.testng.reporters.JUnitReportReporter -->
<testsuite hostname="DESKTOP-IHIJH93" failures="0" tests="1" name="com.crm.flutter.Demo.MyFirstAPiDemos" time="54.302" errors="0" timestamp="09 Aug 2023 03:00:12 GMT" skipped="0">
  <testcase classname="com.crm.flutter.Demo.MyFirstAPiDemos" name="firstTest" time="54.302"/>
</testsuite> <!-- com.crm.flutter.Demo.MyFirstAPiDemos -->
