<?xml version="1.0" encoding="UTF-8"?>
<!-- Generated by org.testng.reporters.JUnitReportReporter -->
<testsuite hostname="DESKTOP-IHIJH93" failures="0" tests="4" name="cucumberOptions.TestngRunner" time="6.741" errors="0" timestamp="2023-09-24T12:38:37 IST" skipped="0">
  <testcase classname="cucumberOptions.TestngRunner" name="runScenario" time="1.049"/>
  <system-out/>
  <testcase classname="cucumberOptions.TestngRunner" name="runScenario" time="3.592"/>
  <system-out/>
  <testcase classname="cucumberOptions.TestngRunner" name="runScenario" time="1.016"/>
  <system-out/>
  <testcase classname="cucumberOptions.TestngRunner" name="runScenario" time="1.084"/>
  <system-out/>
</testsuite> <!-- cucumberOptions.TestngRunner -->
