<?xml version="1.0" encoding="UTF-8"?>
<!-- Generated by org.testng.reporters.JUnitReportReporter -->
<testsuite hostname="DESKTOP-IHIJH93" failures="0" tests="1" name="SubSectioSSAndHighlight" time="0.914" errors="0" timestamp="23 Sep 2023 11:28:33 GMT" skipped="0">
  <testcase classname="SubSectioSSAndHighlight" name="takeSSAndHighlight" time="0.914"/>
</testsuite> <!-- SubSectioSSAndHighlight -->
