<?xml version="1.0" encoding="UTF-8"?>
<!-- Generated by org.testng.reporters.JUnitReportReporter -->
<testsuite hostname="DESKTOP-IHIJH93" failures="0" tests="3" name="Selenium4Feature" time="19.095" errors="0" timestamp="23 Sep 2023 08:59:50 GMT" skipped="0">
  <testcase classname="Selenium4Feature" name="takesSSOFELE" time="2.807"/>
  <testcase classname="Selenium4Feature" name="getXYAndHeightWidth" time="3.632"/>
  <testcase classname="Selenium4Feature" name="openNewTabAndWindows" time="12.656"/>
</testsuite> <!-- Selenium4Feature -->
