<?xml version="1.0" encoding="UTF-8"?>
<!-- Generated by org.testng.reporters.JUnitReportReporter -->
<testsuite hostname="DESKTOP-IHIJH93" failures="0" tests="1" name="RelativeLocatorSel4" time="0.160" errors="0" timestamp="23 Sep 2023 10:59:53 GMT" skipped="0">
  <testcase classname="RelativeLocatorSel4" name="relativeLocator" time="0.160"/>
</testsuite> <!-- RelativeLocatorSel4 -->
